# JRE version: OpenJDK Runtime Environment Temurin-21.0.10+7 (21.0.10+7) (build 21.0.10+7-LTS)
# Java VM: OpenJDK 64-Bit Server VM Temurin-21.0.10+7 (21.0.10+7-LTS, mixed mode, sharing, tiered, compressed oops, compressed class ptrs, parallel gc, windows-amd64)
GC Precious Log:
 CardTable entry size: 512
 CPUs: 20 total, 20 available
 Memory: 16091M
 Large Page Support: Disabled
 NUMA Support: Disabled
 Compressed Oops: Enabled (32-bit)
 Alignments: Space 512K, Generation 512K, Heap 2M
 Heap Min Capacity: 100M
 Heap Initial Capacity: 100M
 Heap Max Capacity: 2G
 Pre-touch: Disabled
 Parallel Workers: 15
Heap:
 PSYoungGen      total 23552K, used 5077K [0x00000000d5580000, 0x00000000d6f00000, 0x0000000100000000)
  eden space 22016K, 16% used [0x00000000d5580000,0x00000000d5914600,0x00000000d6b00000)
  from space 1536K, 91% used [0x00000000d6b00000,0x00000000d6c61060,0x00000000d6c80000)
  to   space 2048K, 0% used [0x00000000d6d00000,0x00000000d6d00000,0x00000000d6f00000)
 ParOldGen       total 68608K, used 24321K [0x0000000080000000, 0x0000000084300000, 0x00000000d5580000)
  object space 68608K, 35% used [0x0000000080000000,0x00000000817c0488,0x0000000084300000)
 Metaspace       used 16448K, committed 17280K, reserved 1114112K
  class space    used 1541K, committed 1920K, reserved 1048576K
GC Heap History (20 events):
Event: 5.315 GC heap before
{Heap before GC invocations=8 (full 0):
 PSYoungGen      total 30208K, used 30207K [0x00000000d5580000, 0x00000000d7d00000, 0x0000000100000000)
  eden space 24064K, 100% used [0x00000000d5580000,0x00000000d6d00000,0x00000000d6d00000)
  from space 6144K, 99% used [0x00000000d6d80000,0x00000000d737ffa0,0x00000000d7380000)
  to   space 8192K, 0% used [0x00000000d7500000,0x00000000d7500000,0x00000000d7d00000)
 ParOldGen       total 68608K, used 9319K [0x0000000080000000, 0x0000000084300000, 0x00000000d5580000)
  object space 68608K, 13% used [0x0000000080000000,0x0000000080919ea8,0x0000000084300000)
 Metaspace       used 10768K, committed 11392K, reserved 1114112K
  class space    used 955K, committed 1216K, reserved 1048576K
}
Event: 5.318 GC heap after
{Heap after GC invocations=8 (full 0):
 PSYoungGen      total 28160K, used 4308K [0x00000000d5580000, 0x00000000d7980000, 0x0000000100000000)
  eden space 23552K, 0% used [0x00000000d5580000,0x00000000d5580000,0x00000000d6c80000)
  from space 4608K, 93% used [0x00000000d7500000,0x00000000d79350b0,0x00000000d7980000)
  to   space 5632K, 0% used [0x00000000d6e80000,0x00000000d6e80000,0x00000000d7400000)
 ParOldGen       total 68608K, used 10196K [0x0000000080000000, 0x0000000084300000, 0x00000000d5580000)
  object space 68608K, 14% used [0x0000000080000000,0x00000000809f5190,0x0000000084300000)
 Metaspace       used 10768K, committed 11392K, reserved 1114112K
  class space    used 955K, committed 1216K, reserved 1048576K
}
Event: 5.424 GC heap before
{Heap before GC invocations=9 (full 0):
 PSYoungGen      total 28160K, used 27853K [0x00000000d5580000, 0x00000000d7980000, 0x0000000100000000)
  eden space 23552K, 99% used [0x00000000d5580000,0x00000000d6c7e598,0x00000000d6c80000)
  from space 4608K, 93% used [0x00000000d7500000,0x00000000d79350b0,0x00000000d7980000)
  to   space 5632K, 0% used [0x00000000d6e80000,0x00000000d6e80000,0x00000000d7400000)
 ParOldGen       total 68608K, used 10196K [0x0000000080000000, 0x0000000084300000, 0x00000000d5580000)
  object space 68608K, 14% used [0x0000000080000000,0x00000000809f5190,0x0000000084300000)
 Metaspace       used 11580K, committed 12160K, reserved 1114112K
  class space    used 1021K, committed 1280K, reserved 1048576K
}
Event: 5.427 GC heap after
{Heap after GC invocations=9 (full 0):
 PSYoungGen      total 27136K, used 3826K [0x00000000d5580000, 0x00000000d7580000, 0x0000000100000000)
  eden space 23040K, 0% used [0x00000000d5580000,0x00000000d5580000,0x00000000d6c00000)
  from space 4096K, 93% used [0x00000000d6e80000,0x00000000d723c968,0x00000000d7280000)
  to   space 3072K, 0% used [0x00000000d7280000,0x00000000d7280000,0x00000000d7580000)
 ParOldGen       total 68608K, used 12370K [0x0000000080000000, 0x0000000084300000, 0x00000000d5580000)
  object space 68608K, 18% used [0x0000000080000000,0x0000000080c14b40,0x0000000084300000)
 Metaspace       used 11580K, committed 12160K, reserved 1114112K
  class space    used 1021K, committed 1280K, reserved 1048576K
}
Event: 5.833 GC heap before
{Heap before GC invocations=10 (full 0):
 PSYoungGen      total 27136K, used 26866K [0x00000000d5580000, 0x00000000d7580000, 0x0000000100000000)
  eden space 23040K, 100% used [0x00000000d5580000,0x00000000d6c00000,0x00000000d6c00000)
  from space 4096K, 93% used [0x00000000d6e80000,0x00000000d723c968,0x00000000d7280000)
  to   space 3072K, 0% used [0x00000000d7280000,0x00000000d7280000,0x00000000d7580000)
 ParOldGen       total 68608K, used 12370K [0x0000000080000000, 0x0000000084300000, 0x00000000d5580000)
  object space 68608K, 18% used [0x0000000080000000,0x0000000080c14b40,0x0000000084300000)
 Metaspace       used 12081K, committed 12672K, reserved 1114112K
  class space    used 1066K, committed 1344K, reserved 1048576K
}
Event: 5.837 GC heap after
{Heap after GC invocations=10 (full 0):
 PSYoungGen      total 25600K, used 3057K [0x00000000d5580000, 0x00000000d7680000, 0x0000000100000000)
  eden space 22528K, 0% used [0x00000000d5580000,0x00000000d5580000,0x00000000d6b80000)
  from space 3072K, 99% used [0x00000000d7280000,0x00000000d757c4e8,0x00000000d7580000)
  to   space 5632K, 0% used [0x00000000d6b80000,0x00000000d6b80000,0x00000000d7100000)
 ParOldGen       total 68608K, used 14493K [0x0000000080000000, 0x0000000084300000, 0x00000000d5580000)
  object space 68608K, 21% used [0x0000000080000000,0x0000000080e27738,0x0000000084300000)
 Metaspace       used 12081K, committed 12672K, reserved 1114112K
  class space    used 1066K, committed 1344K, reserved 1048576K
}
Event: 5.979 GC heap before
{Heap before GC invocations=11 (full 0):
 PSYoungGen      total 25600K, used 25585K [0x00000000d5580000, 0x00000000d7680000, 0x0000000100000000)
  eden space 22528K, 100% used [0x00000000d5580000,0x00000000d6b80000,0x00000000d6b80000)
  from space 3072K, 99% used [0x00000000d7280000,0x00000000d757c4e8,0x00000000d7580000)
  to   space 5632K, 0% used [0x00000000d6b80000,0x00000000d6b80000,0x00000000d7100000)
 ParOldGen       total 68608K, used 14493K [0x0000000080000000, 0x0000000084300000, 0x00000000d5580000)
  object space 68608K, 21% used [0x0000000080000000,0x0000000080e27738,0x0000000084300000)
 Metaspace       used 12652K, committed 13312K, reserved 1114112K
  class space    used 1134K, committed 1408K, reserved 1048576K
}
Event: 5.982 GC heap after
{Heap after GC invocations=11 (full 0):
 PSYoungGen      total 24576K, used 2221K [0x00000000d5580000, 0x00000000d7300000, 0x0000000100000000)
  eden space 22016K, 0% used [0x00000000d5580000,0x00000000d5580000,0x00000000d6b00000)
  from space 2560K, 86% used [0x00000000d6b80000,0x00000000d6dab418,0x00000000d6e00000)
  to   space 3584K, 0% used [0x00000000d6f80000,0x00000000d6f80000,0x00000000d7300000)
 ParOldGen       total 68608K, used 17570K [0x0000000080000000, 0x0000000084300000, 0x00000000d5580000)
  object space 68608K, 25% used [0x0000000080000000,0x00000000811289d8,0x0000000084300000)
 Metaspace       used 12652K, committed 13312K, reserved 1114112K
  class space    used 1134K, committed 1408K, reserved 1048576K
}
Event: 6.161 GC heap before
{Heap before GC invocations=12 (full 0):
 PSYoungGen      total 24576K, used 24237K [0x00000000d5580000, 0x00000000d7300000, 0x0000000100000000)
  eden space 22016K, 100% used [0x00000000d5580000,0x00000000d6b00000,0x00000000d6b00000)
  from space 2560K, 86% used [0x00000000d6b80000,0x00000000d6dab418,0x00000000d6e00000)
  to   space 3584K, 0% used [0x00000000d6f80000,0x00000000d6f80000,0x00000000d7300000)
 ParOldGen       total 68608K, used 17570K [0x0000000080000000, 0x0000000084300000, 0x00000000d5580000)
  object space 68608K, 25% used [0x0000000080000000,0x00000000811289d8,0x0000000084300000)
 Metaspace       used 13177K, committed 13952K, reserved 1114112K
  class space    used 1187K, committed 1472K, reserved 1048576K
}
Event: 6.165 GC heap after
{Heap after GC invocations=12 (full 0):
 PSYoungGen      total 24064K, used 1728K [0x00000000d5580000, 0x00000000d7180000, 0x0000000100000000)
  eden space 22016K, 0% used [0x00000000d5580000,0x00000000d5580000,0x00000000d6b00000)
  from space 2048K, 84% used [0x00000000d6f80000,0x00000000d7130000,0x00000000d7180000)
  to   space 2560K, 0% used [0x00000000d6c80000,0x00000000d6c80000,0x00000000d6f00000)
 ParOldGen       total 68608K, used 19170K [0x0000000080000000, 0x0000000084300000, 0x00000000d5580000)
  object space 68608K, 27% used [0x0000000080000000,0x00000000812b8a98,0x0000000084300000)
 Metaspace       used 13177K, committed 13952K, reserved 1114112K
  class space    used 1187K, committed 1472K, reserved 1048576K
}
Event: 6.393 GC heap before
{Heap before GC invocations=13 (full 0):
 PSYoungGen      total 24064K, used 23744K [0x00000000d5580000, 0x00000000d7180000, 0x0000000100000000)
  eden space 22016K, 100% used [0x00000000d5580000,0x00000000d6b00000,0x00000000d6b00000)
  from space 2048K, 84% used [0x00000000d6f80000,0x00000000d7130000,0x00000000d7180000)
  to   space 2560K, 0% used [0x00000000d6c80000,0x00000000d6c80000,0x00000000d6f00000)
 ParOldGen       total 68608K, used 19170K [0x0000000080000000, 0x0000000084300000, 0x00000000d5580000)
  object space 68608K, 27% used [0x0000000080000000,0x00000000812b8a98,0x0000000084300000)
 Metaspace       used 13589K, committed 14336K, reserved 1114112K
  class space    used 1234K, committed 1536K, reserved 1048576K
}
Event: 6.397 GC heap after
{Heap after GC invocations=13 (full 0):
 PSYoungGen      total 23552K, used 1072K [0x00000000d5580000, 0x00000000d7000000, 0x0000000100000000)
  eden space 22016K, 0% used [0x00000000d5580000,0x00000000d5580000,0x00000000d6b00000)
  from space 1536K, 69% used [0x00000000d6c80000,0x00000000d6d8c010,0x00000000d6e00000)
  to   space 1536K, 0% used [0x00000000d6e80000,0x00000000d6e80000,0x00000000d7000000)
 ParOldGen       total 68608K, used 20506K [0x0000000080000000, 0x0000000084300000, 0x00000000d5580000)
  object space 68608K, 29% used [0x0000000080000000,0x0000000081406ab8,0x0000000084300000)
 Metaspace       used 13589K, committed 14336K, reserved 1114112K
  class space    used 1234K, committed 1536K, reserved 1048576K
}
Event: 6.642 GC heap before
{Heap before GC invocations=14 (full 0):
 PSYoungGen      total 23552K, used 23088K [0x00000000d5580000, 0x00000000d7000000, 0x0000000100000000)
  eden space 22016K, 100% used [0x00000000d5580000,0x00000000d6b00000,0x00000000d6b00000)
  from space 1536K, 69% used [0x00000000d6c80000,0x00000000d6d8c010,0x00000000d6e00000)
  to   space 1536K, 0% used [0x00000000d6e80000,0x00000000d6e80000,0x00000000d7000000)
 ParOldGen       total 68608K, used 20506K [0x0000000080000000, 0x0000000084300000, 0x00000000d5580000)
  object space 68608K, 29% used [0x0000000080000000,0x0000000081406ab8,0x0000000084300000)
 Metaspace       used 13922K, committed 14656K, reserved 1114112K
  class space    used 1246K, committed 1536K, reserved 1048576K
}
Event: 6.645 GC heap after
{Heap after GC invocations=14 (full 0):
 PSYoungGen      total 23040K, used 896K [0x00000000d5580000, 0x00000000d6f80000, 0x0000000100000000)
  eden space 22016K, 0% used [0x00000000d5580000,0x00000000d5580000,0x00000000d6b00000)
  from space 1024K, 87% used [0x00000000d6e80000,0x00000000d6f60000,0x00000000d6f80000)
  to   space 1024K, 0% used [0x00000000d6d80000,0x00000000d6d80000,0x00000000d6e80000)
 ParOldGen       total 68608K, used 21314K [0x0000000080000000, 0x0000000084300000, 0x00000000d5580000)
  object space 68608K, 31% used [0x0000000080000000,0x00000000814d0ab8,0x0000000084300000)
 Metaspace       used 13922K, committed 14656K, reserved 1114112K
  class space    used 1246K, committed 1536K, reserved 1048576K
}
Event: 6.921 GC heap before
{Heap before GC invocations=15 (full 0):
 PSYoungGen      total 23040K, used 22912K [0x00000000d5580000, 0x00000000d6f80000, 0x0000000100000000)
  eden space 22016K, 100% used [0x00000000d5580000,0x00000000d6b00000,0x00000000d6b00000)
  from space 1024K, 87% used [0x00000000d6e80000,0x00000000d6f60000,0x00000000d6f80000)
  to   space 1024K, 0% used [0x00000000d6d80000,0x00000000d6d80000,0x00000000d6e80000)
 ParOldGen       total 68608K, used 21314K [0x0000000080000000, 0x0000000084300000, 0x00000000d5580000)
  object space 68608K, 31% used [0x0000000080000000,0x00000000814d0ab8,0x0000000084300000)
 Metaspace       used 14255K, committed 14976K, reserved 1114112K
  class space    used 1261K, committed 1536K, reserved 1048576K
}
Event: 6.923 GC heap after
{Heap after GC invocations=15 (full 0):
 PSYoungGen      total 23040K, used 1024K [0x00000000d5580000, 0x00000000d6f00000, 0x0000000100000000)
  eden space 22016K, 0% used [0x00000000d5580000,0x00000000d5580000,0x00000000d6b00000)
  from space 1024K, 100% used [0x00000000d6d80000,0x00000000d6e80000,0x00000000d6e80000)
  to   space 512K, 0% used [0x00000000d6e80000,0x00000000d6e80000,0x00000000d6f00000)
 ParOldGen       total 68608K, used 21977K [0x0000000080000000, 0x0000000084300000, 0x00000000d5580000)
  object space 68608K, 32% used [0x0000000080000000,0x00000000815767b8,0x0000000084300000)
 Metaspace       used 14255K, committed 14976K, reserved 1114112K
  class space    used 1261K, committed 1536K, reserved 1048576K
}
Event: 7.516 GC heap before
{Heap before GC invocations=16 (full 0):
 PSYoungGen      total 23040K, used 23040K [0x00000000d5580000, 0x00000000d6f00000, 0x0000000100000000)
  eden space 22016K, 100% used [0x00000000d5580000,0x00000000d6b00000,0x00000000d6b00000)
  from space 1024K, 100% used [0x00000000d6d80000,0x00000000d6e80000,0x00000000d6e80000)
  to   space 512K, 0% used [0x00000000d6e80000,0x00000000d6e80000,0x00000000d6f00000)
 ParOldGen       total 68608K, used 21977K [0x0000000080000000, 0x0000000084300000, 0x00000000d5580000)
  object space 68608K, 32% used [0x0000000080000000,0x00000000815767b8,0x0000000084300000)
 Metaspace       used 15557K, committed 16320K, reserved 1114112K
  class space    used 1421K, committed 1728K, reserved 1048576K
}
Event: 7.520 GC heap after
{Heap after GC invocations=16 (full 0):
 PSYoungGen      total 22528K, used 512K [0x00000000d5580000, 0x00000000d7000000, 0x0000000100000000)
  eden space 22016K, 0% used [0x00000000d5580000,0x00000000d5580000,0x00000000d6b00000)
  from space 512K, 100% used [0x00000000d6e80000,0x00000000d6f00000,0x00000000d6f00000)
  to   space 2560K, 0% used [0x00000000d6b00000,0x00000000d6b00000,0x00000000d6d80000)
 ParOldGen       total 68608K, used 23777K [0x0000000080000000, 0x0000000084300000, 0x00000000d5580000)
  object space 68608K, 34% used [0x0000000080000000,0x0000000081738488,0x0000000084300000)
 Metaspace       used 15557K, committed 16320K, reserved 1114112K
  class space    used 1421K, committed 1728K, reserved 1048576K
}
Event: 8.000 GC heap before
{Heap before GC invocations=17 (full 0):
 PSYoungGen      total 22528K, used 22528K [0x00000000d5580000, 0x00000000d7000000, 0x0000000100000000)
  eden space 22016K, 100% used [0x00000000d5580000,0x00000000d6b00000,0x00000000d6b00000)
  from space 512K, 100% used [0x00000000d6e80000,0x00000000d6f00000,0x00000000d6f00000)
  to   space 2560K, 0% used [0x00000000d6b00000,0x00000000d6b00000,0x00000000d6d80000)
 ParOldGen       total 68608K, used 23777K [0x0000000080000000, 0x0000000084300000, 0x00000000d5580000)
  object space 68608K, 34% used [0x0000000080000000,0x0000000081738488,0x0000000084300000)
 Metaspace       used 16264K, committed 17088K, reserved 1114112K
  class space    used 1513K, committed 1856K, reserved 1048576K
}
Event: 8.003 GC heap after
{Heap after GC invocations=17 (full 0):
 PSYoungGen      total 23552K, used 1412K [0x00000000d5580000, 0x00000000d6f00000, 0x0000000100000000)
  eden space 22016K, 0% used [0x00000000d5580000,0x00000000d5580000,0x00000000d6b00000)
  from space 1536K, 91% used [0x00000000d6b00000,0x00000000d6c61060,0x00000000d6c80000)
  to   space 2048K, 0% used [0x00000000d6d00000,0x00000000d6d00000,0x00000000d6f00000)
 ParOldGen       total 68608K, used 24321K [0x0000000080000000, 0x0000000084300000, 0x00000000d5580000)
  object space 68608K, 35% used [0x0000000080000000,0x00000000817c0488,0x0000000084300000)
 Metaspace       used 16264K, committed 17088K, reserved 1114112K
  class space    used 1513K, committed 1856K, reserved 1048576K
}

