# JRE version: OpenJDK Runtime Environment Microsoft-13106358 (17.0.18+8) (build 17.0.18+8-LTS)
# Java VM: OpenJDK 64-Bit Server VM Microsoft-13106358 (17.0.18+8-LTS, mixed mode, sharing, tiered, compressed oops, compressed class ptrs, g1 gc, windows-amd64)
GC Precious Log:
 CPUs: 20 total, 20 available
 Memory: 16091M
 Large Page Support: Disabled
 NUMA Support: Disabled
 Compressed Oops: Enabled (32-bit)
 Heap Region Size: 1M
 Heap Min Capacity: 8M
 Heap Initial Capacity: 252M
 Heap Max Capacity: 2G
 Pre-touch: Disabled
 Parallel Workers: 15
 Concurrent Workers: 4
 Concurrent Refinement Workers: 15
 Periodic GC: Disabled
Heap:
 garbage-first heap   total 89088K, used 32317K [0x0000000080000000, 0x0000000100000000)
  region size 1024K, 7 young (7168K), 5 survivors (5120K)
 Metaspace       used 35527K, committed 36032K, reserved 491520K
  class space    used 4988K, committed 5248K, reserved 425984K
GC Heap History (16 events):
Event: 0.292 GC heap before
{Heap before GC invocations=0 (full 0):
 garbage-first heap   total 258048K, used 23552K [0x0000000080000000, 0x0000000100000000)
  region size 1024K, 23 young (23552K), 0 survivors (0K)
 Metaspace       used 828K, committed 960K, reserved 491520K
  class space    used 60K, committed 128K, reserved 425984K
}
Event: 0.294 GC heap after
{Heap after GC invocations=1 (full 0):
 garbage-first heap   total 258048K, used 1664K [0x0000000080000000, 0x0000000100000000)
  region size 1024K, 2 young (2048K), 2 survivors (2048K)
 Metaspace       used 828K, committed 960K, reserved 491520K
  class space    used 60K, committed 128K, reserved 425984K
}
Event: 1.000 GC heap before
{Heap before GC invocations=1 (full 0):
 garbage-first heap   total 258048K, used 41600K [0x0000000080000000, 0x0000000100000000)
  region size 1024K, 38 young (38912K), 2 survivors (2048K)
 Metaspace       used 4621K, committed 4736K, reserved 491520K
  class space    used 572K, committed 640K, reserved 425984K
}
Event: 1.004 GC heap after
{Heap after GC invocations=2 (full 0):
 garbage-first heap   total 258048K, used 11592K [0x0000000080000000, 0x0000000100000000)
  region size 1024K, 5 young (5120K), 5 survivors (5120K)
 Metaspace       used 4621K, committed 4736K, reserved 491520K
  class space    used 572K, committed 640K, reserved 425984K
}
Event: 1.941 GC heap before
{Heap before GC invocations=2 (full 0):
 garbage-first heap   total 258048K, used 85320K [0x0000000080000000, 0x0000000100000000)
  region size 1024K, 75 young (76800K), 5 survivors (5120K)
 Metaspace       used 9471K, committed 9728K, reserved 491520K
  class space    used 1232K, committed 1344K, reserved 425984K
}
Event: 1.947 GC heap after
{Heap after GC invocations=3 (full 0):
 garbage-first heap   total 258048K, used 19583K [0x0000000080000000, 0x0000000100000000)
  region size 1024K, 10 young (10240K), 10 survivors (10240K)
 Metaspace       used 9471K, committed 9728K, reserved 491520K
  class space    used 1232K, committed 1344K, reserved 425984K
}
Event: 3.299 GC heap before
{Heap before GC invocations=3 (full 0):
 garbage-first heap   total 258048K, used 103551K [0x0000000080000000, 0x0000000100000000)
  region size 1024K, 91 young (93184K), 10 survivors (10240K)
 Metaspace       used 21221K, committed 21504K, reserved 491520K
  class space    used 2902K, committed 3072K, reserved 425984K
}
Event: 3.308 GC heap after
{Heap after GC invocations=4 (full 0):
 garbage-first heap   total 258048K, used 24440K [0x0000000080000000, 0x0000000100000000)
  region size 1024K, 15 young (15360K), 15 survivors (15360K)
 Metaspace       used 21221K, committed 21504K, reserved 491520K
  class space    used 2902K, committed 3072K, reserved 425984K
}
Event: 3.959 GC heap before
{Heap before GC invocations=5 (full 0):
 garbage-first heap   total 89088K, used 62328K [0x0000000080000000, 0x0000000100000000)
  region size 1024K, 52 young (53248K), 15 survivors (15360K)
 Metaspace       used 25627K, committed 25984K, reserved 491520K
  class space    used 3560K, committed 3712K, reserved 425984K
}
Event: 3.966 GC heap after
{Heap after GC invocations=6 (full 0):
 garbage-first heap   total 89088K, used 26159K [0x0000000080000000, 0x0000000100000000)
  region size 1024K, 3 young (3072K), 3 survivors (3072K)
 Metaspace       used 25627K, committed 25984K, reserved 491520K
  class space    used 3560K, committed 3712K, reserved 425984K
}
Event: 3.983 GC heap before
{Heap before GC invocations=6 (full 0):
 garbage-first heap   total 89088K, used 26159K [0x0000000080000000, 0x0000000100000000)
  region size 1024K, 4 young (4096K), 3 survivors (3072K)
 Metaspace       used 25715K, committed 26048K, reserved 491520K
  class space    used 3574K, committed 3712K, reserved 425984K
}
Event: 3.988 GC heap after
{Heap after GC invocations=7 (full 0):
 garbage-first heap   total 89088K, used 26335K [0x0000000080000000, 0x0000000100000000)
  region size 1024K, 1 young (1024K), 1 survivors (1024K)
 Metaspace       used 25715K, committed 26048K, reserved 491520K
  class space    used 3574K, committed 3712K, reserved 425984K
}
Event: 4.658 GC heap before
{Heap before GC invocations=7 (full 0):
 garbage-first heap   total 89088K, used 63199K [0x0000000080000000, 0x0000000100000000)
  region size 1024K, 38 young (38912K), 1 survivors (1024K)
 Metaspace       used 30642K, committed 30976K, reserved 491520K
  class space    used 4273K, committed 4416K, reserved 425984K
}
Event: 4.659 GC heap after
{Heap after GC invocations=8 (full 0):
 garbage-first heap   total 89088K, used 27558K [0x0000000080000000, 0x0000000100000000)
  region size 1024K, 2 young (2048K), 2 survivors (2048K)
 Metaspace       used 30642K, committed 30976K, reserved 491520K
  class space    used 4273K, committed 4416K, reserved 425984K
}
Event: 5.523 GC heap before
{Heap before GC invocations=8 (full 0):
 garbage-first heap   total 89088K, used 62374K [0x0000000080000000, 0x0000000100000000)
  region size 1024K, 37 young (37888K), 2 survivors (2048K)
 Metaspace       used 35427K, committed 35968K, reserved 491520K
  class space    used 4954K, committed 5248K, reserved 425984K
}
Event: 5.526 GC heap after
{Heap after GC invocations=9 (full 0):
 garbage-first heap   total 89088K, used 31293K [0x0000000080000000, 0x0000000100000000)
  region size 1024K, 5 young (5120K), 5 survivors (5120K)
 Metaspace       used 35427K, committed 35968K, reserved 491520K
  class space    used 4954K, committed 5248K, reserved 425984K
}

